<?xml version="1.0" encoding="UTF-8"?>
<testsuite xmlns:xsi="http://www.w3.org/2001/XMLSchema-instance" xsi:noNamespaceSchemaLocation="https://maven.apache.org/surefire/maven-surefire-plugin/xsd/surefire-test-report.xsd" name="com.spectralogic.vail.AppTest" time="0.011" tests="1" errors="0" skipped="0" failures="0">
  <properties>
    <property name="java.specification.version" value="21"/>
    <property name="sun.jnu.encoding" value="UTF-8"/>
    <property name="java.class.path" value="/Users/seans/Documents/src/java/vapir/code/target/test-classes:/Users/seans/Documents/src/java/vapir/code/target/classes:/Users/seans/.m2/repository/ch/qos/logback/logback-classic/1.5.6/logback-classic-1.5.6.jar:/Users/seans/.m2/repository/ch/qos/logback/logback-core/1.5.6/logback-core-1.5.6.jar:/Users/seans/.m2/repository/com/google/code/gson/gson/2.10.1/gson-2.10.1.jar:/Users/seans/.m2/repository/com/socialvagrancy/sv_utils/2.3.0/sv_utils-2.3.0.jar:/Users/seans/.m2/repository/org/apache/commons/commons-compress/1.22/commons-compress-1.22.jar:/Users/seans/.m2/repository/jakarta/xml/bind/jakarta.xml.bind-api/4.0.0/jakarta.xml.bind-api-4.0.0.jar:/Users/seans/.m2/repository/jakarta/activation/jakarta.activation-api/2.1.0/jakarta.activation-api-2.1.0.jar:/Users/seans/.m2/repository/junit/junit/4.11/junit-4.11.jar:/Users/seans/.m2/repository/org/hamcrest/hamcrest-core/1.3/hamcrest-core-1.3.jar:/Users/seans/.m2/repository/org/apache/httpcomponents/httpclient/4.5.13/httpclient-4.5.13.jar:/Users/seans/.m2/repository/org/apache/httpcomponents/httpcore/4.4.13/httpcore-4.4.13.jar:/Users/seans/.m2/repository/commons-logging/commons-logging/1.2/commons-logging-1.2.jar:/Users/seans/.m2/repository/commons-codec/commons-codec/1.11/commons-codec-1.11.jar:/Users/seans/.m2/repository/org/slf4j/slf4j-api/2.0.13/slf4j-api-2.0.13.jar:/Users/seans/.m2/repository/software/amazon/awssdk/apache-client/2.25.31/apache-client-2.25.31.jar:/Users/seans/.m2/repository/software/amazon/awssdk/http-client-spi/2.25.31/http-client-spi-2.25.31.jar:/Users/seans/.m2/repository/org/reactivestreams/reactive-streams/1.0.4/reactive-streams-1.0.4.jar:/Users/seans/.m2/repository/software/amazon/awssdk/metrics-spi/2.25.31/metrics-spi-2.25.31.jar:/Users/seans/.m2/repository/software/amazon/awssdk/utils/2.25.31/utils-2.25.31.jar:/Users/seans/.m2/repository/software/amazon/awssdk/annotations/2.25.31/annotations-2.25.31.jar:/Users/seans/.m2/repository/software/amazon/awssdk/s3/2.25.31/s3-2.25.31.jar:/Users/seans/.m2/repository/software/amazon/awssdk/aws-xml-protocol/2.25.31/aws-xml-protocol-2.25.31.jar:/Users/seans/.m2/repository/software/amazon/awssdk/aws-query-protocol/2.25.31/aws-query-protocol-2.25.31.jar:/Users/seans/.m2/repository/software/amazon/awssdk/protocol-core/2.25.31/protocol-core-2.25.31.jar:/Users/seans/.m2/repository/software/amazon/awssdk/arns/2.25.31/arns-2.25.31.jar:/Users/seans/.m2/repository/software/amazon/awssdk/profiles/2.25.31/profiles-2.25.31.jar:/Users/seans/.m2/repository/software/amazon/awssdk/crt-core/2.25.31/crt-core-2.25.31.jar:/Users/seans/.m2/repository/software/amazon/awssdk/http-auth/2.25.31/http-auth-2.25.31.jar:/Users/seans/.m2/repository/software/amazon/awssdk/identity-spi/2.25.31/identity-spi-2.25.31.jar:/Users/seans/.m2/repository/software/amazon/awssdk/http-auth-spi/2.25.31/http-auth-spi-2.25.31.jar:/Users/seans/.m2/repository/software/amazon/awssdk/http-auth-aws/2.25.31/http-auth-aws-2.25.31.jar:/Users/seans/.m2/repository/software/amazon/awssdk/checksums/2.25.31/checksums-2.25.31.jar:/Users/seans/.m2/repository/software/amazon/awssdk/checksums-spi/2.25.31/checksums-spi-2.25.31.jar:/Users/seans/.m2/repository/software/amazon/awssdk/sdk-core/2.25.31/sdk-core-2.25.31.jar:/Users/seans/.m2/repository/software/amazon/awssdk/auth/2.25.31/auth-2.25.31.jar:/Users/seans/.m2/repository/software/amazon/eventstream/eventstream/1.0.1/eventstream-1.0.1.jar:/Users/seans/.m2/repository/software/amazon/awssdk/regions/2.25.31/regions-2.25.31.jar:/Users/seans/.m2/repository/software/amazon/awssdk/aws-core/2.25.31/aws-core-2.25.31.jar:/Users/seans/.m2/repository/software/amazon/awssdk/json-utils/2.25.31/json-utils-2.25.31.jar:/Users/seans/.m2/repository/software/amazon/awssdk/third-party-jackson-core/2.25.31/third-party-jackson-core-2.25.31.jar:/Users/seans/.m2/repository/software/amazon/awssdk/endpoints-spi/2.25.31/endpoints-spi-2.25.31.jar:/Users/seans/.m2/repository/software/amazon/awssdk/netty-nio-client/2.25.31/netty-nio-client-2.25.31.jar:/Users/seans/.m2/repository/io/netty/netty-codec-http/4.1.108.Final/netty-codec-http-4.1.108.Final.jar:/Users/seans/.m2/repository/io/netty/netty-codec-http2/4.1.108.Final/netty-codec-http2-4.1.108.Final.jar:/Users/seans/.m2/repository/io/netty/netty-codec/4.1.108.Final/netty-codec-4.1.108.Final.jar:/Users/seans/.m2/repository/io/netty/netty-transport/4.1.108.Final/netty-transport-4.1.108.Final.jar:/Users/seans/.m2/repository/io/netty/netty-common/4.1.108.Final/netty-common-4.1.108.Final.jar:/Users/seans/.m2/repository/io/netty/netty-buffer/4.1.108.Final/netty-buffer-4.1.108.Final.jar:/Users/seans/.m2/repository/io/netty/netty-handler/4.1.108.Final/netty-handler-4.1.108.Final.jar:/Users/seans/.m2/repository/io/netty/netty-transport-native-unix-common/4.1.108.Final/netty-transport-native-unix-common-4.1.108.Final.jar:/Users/seans/.m2/repository/io/netty/netty-transport-classes-epoll/4.1.108.Final/netty-transport-classes-epoll-4.1.108.Final.jar:/Users/seans/.m2/repository/io/netty/netty-resolver/4.1.108.Final/netty-resolver-4.1.108.Final.jar:/Users/seans/.m2/repository/software/amazon/awssdk/url-connection-client/2.25.31/url-connection-client-2.25.31.jar:/Users/seans/.m2/repository/com/sun/xml/bind/jaxb-impl/4.0.3/jaxb-impl-4.0.3.jar:/Users/seans/.m2/repository/com/sun/xml/bind/jaxb-core/4.0.3/jaxb-core-4.0.3.jar:/Users/seans/.m2/repository/org/eclipse/angus/angus-activation/2.0.1/angus-activation-2.0.1.jar:"/>
    <property name="java.vm.vendor" value="Homebrew"/>
    <property name="sun.arch.data.model" value="64"/>
    <property name="java.vendor.url" value="https://github.com/Homebrew/homebrew-core/issues"/>
    <property name="os.name" value="Mac OS X"/>
    <property name="java.vm.specification.version" value="21"/>
    <property name="sun.java.launcher" value="SUN_STANDARD"/>
    <property name="user.country" value="US"/>
    <property name="sun.boot.library.path" value="/opt/homebrew/Cellar/openjdk/21.0.1/libexec/openjdk.jdk/Contents/Home/lib"/>
    <property name="sun.java.command" value="/Users/seans/Documents/src/java/vapir/code/target/surefire/surefirebooter12179985982031659943.jar /Users/seans/Documents/src/java/vapir/code/target/surefire 2024-07-12T10-06-40_066-jvmRun1 surefire16275468966975017779tmp surefire_09829281645798677582tmp"/>
    <property name="jdk.debug" value="release"/>
    <property name="surefire.test.class.path" value="/Users/seans/Documents/src/java/vapir/code/target/test-classes:/Users/seans/Documents/src/java/vapir/code/target/classes:/Users/seans/.m2/repository/ch/qos/logback/logback-classic/1.5.6/logback-classic-1.5.6.jar:/Users/seans/.m2/repository/ch/qos/logback/logback-core/1.5.6/logback-core-1.5.6.jar:/Users/seans/.m2/repository/com/google/code/gson/gson/2.10.1/gson-2.10.1.jar:/Users/seans/.m2/repository/com/socialvagrancy/sv_utils/2.3.0/sv_utils-2.3.0.jar:/Users/seans/.m2/repository/org/apache/commons/commons-compress/1.22/commons-compress-1.22.jar:/Users/seans/.m2/repository/jakarta/xml/bind/jakarta.xml.bind-api/4.0.0/jakarta.xml.bind-api-4.0.0.jar:/Users/seans/.m2/repository/jakarta/activation/jakarta.activation-api/2.1.0/jakarta.activation-api-2.1.0.jar:/Users/seans/.m2/repository/junit/junit/4.11/junit-4.11.jar:/Users/seans/.m2/repository/org/hamcrest/hamcrest-core/1.3/hamcrest-core-1.3.jar:/Users/seans/.m2/repository/org/apache/httpcomponents/httpclient/4.5.13/httpclient-4.5.13.jar:/Users/seans/.m2/repository/org/apache/httpcomponents/httpcore/4.4.13/httpcore-4.4.13.jar:/Users/seans/.m2/repository/commons-logging/commons-logging/1.2/commons-logging-1.2.jar:/Users/seans/.m2/repository/commons-codec/commons-codec/1.11/commons-codec-1.11.jar:/Users/seans/.m2/repository/org/slf4j/slf4j-api/2.0.13/slf4j-api-2.0.13.jar:/Users/seans/.m2/repository/software/amazon/awssdk/apache-client/2.25.31/apache-client-2.25.31.jar:/Users/seans/.m2/repository/software/amazon/awssdk/http-client-spi/2.25.31/http-client-spi-2.25.31.jar:/Users/seans/.m2/repository/org/reactivestreams/reactive-streams/1.0.4/reactive-streams-1.0.4.jar:/Users/seans/.m2/repository/software/amazon/awssdk/metrics-spi/2.25.31/metrics-spi-2.25.31.jar:/Users/seans/.m2/repository/software/amazon/awssdk/utils/2.25.31/utils-2.25.31.jar:/Users/seans/.m2/repository/software/amazon/awssdk/annotations/2.25.31/annotations-2.25.31.jar:/Users/seans/.m2/repository/software/amazon/awssdk/s3/2.25.31/s3-2.25.31.jar:/Users/seans/.m2/repository/software/amazon/awssdk/aws-xml-protocol/2.25.31/aws-xml-protocol-2.25.31.jar:/Users/seans/.m2/repository/software/amazon/awssdk/aws-query-protocol/2.25.31/aws-query-protocol-2.25.31.jar:/Users/seans/.m2/repository/software/amazon/awssdk/protocol-core/2.25.31/protocol-core-2.25.31.jar:/Users/seans/.m2/repository/software/amazon/awssdk/arns/2.25.31/arns-2.25.31.jar:/Users/seans/.m2/repository/software/amazon/awssdk/profiles/2.25.31/profiles-2.25.31.jar:/Users/seans/.m2/repository/software/amazon/awssdk/crt-core/2.25.31/crt-core-2.25.31.jar:/Users/seans/.m2/repository/software/amazon/awssdk/http-auth/2.25.31/http-auth-2.25.31.jar:/Users/seans/.m2/repository/software/amazon/awssdk/identity-spi/2.25.31/identity-spi-2.25.31.jar:/Users/seans/.m2/repository/software/amazon/awssdk/http-auth-spi/2.25.31/http-auth-spi-2.25.31.jar:/Users/seans/.m2/repository/software/amazon/awssdk/http-auth-aws/2.25.31/http-auth-aws-2.25.31.jar:/Users/seans/.m2/repository/software/amazon/awssdk/checksums/2.25.31/checksums-2.25.31.jar:/Users/seans/.m2/repository/software/amazon/awssdk/checksums-spi/2.25.31/checksums-spi-2.25.31.jar:/Users/seans/.m2/repository/software/amazon/awssdk/sdk-core/2.25.31/sdk-core-2.25.31.jar:/Users/seans/.m2/repository/software/amazon/awssdk/auth/2.25.31/auth-2.25.31.jar:/Users/seans/.m2/repository/software/amazon/eventstream/eventstream/1.0.1/eventstream-1.0.1.jar:/Users/seans/.m2/repository/software/amazon/awssdk/regions/2.25.31/regions-2.25.31.jar:/Users/seans/.m2/repository/software/amazon/awssdk/aws-core/2.25.31/aws-core-2.25.31.jar:/Users/seans/.m2/repository/software/amazon/awssdk/json-utils/2.25.31/json-utils-2.25.31.jar:/Users/seans/.m2/repository/software/amazon/awssdk/third-party-jackson-core/2.25.31/third-party-jackson-core-2.25.31.jar:/Users/seans/.m2/repository/software/amazon/awssdk/endpoints-spi/2.25.31/endpoints-spi-2.25.31.jar:/Users/seans/.m2/repository/software/amazon/awssdk/netty-nio-client/2.25.31/netty-nio-client-2.25.31.jar:/Users/seans/.m2/repository/io/netty/netty-codec-http/4.1.108.Final/netty-codec-http-4.1.108.Final.jar:/Users/seans/.m2/repository/io/netty/netty-codec-http2/4.1.108.Final/netty-codec-http2-4.1.108.Final.jar:/Users/seans/.m2/repository/io/netty/netty-codec/4.1.108.Final/netty-codec-4.1.108.Final.jar:/Users/seans/.m2/repository/io/netty/netty-transport/4.1.108.Final/netty-transport-4.1.108.Final.jar:/Users/seans/.m2/repository/io/netty/netty-common/4.1.108.Final/netty-common-4.1.108.Final.jar:/Users/seans/.m2/repository/io/netty/netty-buffer/4.1.108.Final/netty-buffer-4.1.108.Final.jar:/Users/seans/.m2/repository/io/netty/netty-handler/4.1.108.Final/netty-handler-4.1.108.Final.jar:/Users/seans/.m2/repository/io/netty/netty-transport-native-unix-common/4.1.108.Final/netty-transport-native-unix-common-4.1.108.Final.jar:/Users/seans/.m2/repository/io/netty/netty-transport-classes-epoll/4.1.108.Final/netty-transport-classes-epoll-4.1.108.Final.jar:/Users/seans/.m2/repository/io/netty/netty-resolver/4.1.108.Final/netty-resolver-4.1.108.Final.jar:/Users/seans/.m2/repository/software/amazon/awssdk/url-connection-client/2.25.31/url-connection-client-2.25.31.jar:/Users/seans/.m2/repository/com/sun/xml/bind/jaxb-impl/4.0.3/jaxb-impl-4.0.3.jar:/Users/seans/.m2/repository/com/sun/xml/bind/jaxb-core/4.0.3/jaxb-core-4.0.3.jar:/Users/seans/.m2/repository/org/eclipse/angus/angus-activation/2.0.1/angus-activation-2.0.1.jar:"/>
    <property name="sun.cpu.endian" value="little"/>
    <property name="user.home" value="/Users/seans"/>
    <property name="user.language" value="en"/>
    <property name="java.specification.vendor" value="Oracle Corporation"/>
    <property name="java.version.date" value="2023-10-17"/>
    <property name="java.home" value="/opt/homebrew/Cellar/openjdk/21.0.1/libexec/openjdk.jdk/Contents/Home"/>
    <property name="file.separator" value="/"/>
    <property name="basedir" value="/Users/seans/Documents/src/java/vapir/code"/>
    <property name="java.vm.compressedOopsMode" value="Zero based"/>
    <property name="line.separator" value="&#10;"/>
    <property name="java.specification.name" value="Java Platform API Specification"/>
    <property name="java.vm.specification.vendor" value="Oracle Corporation"/>
    <property name="apple.awt.application.name" value="ForkedBooter"/>
    <property name="surefire.real.class.path" value="/Users/seans/Documents/src/java/vapir/code/target/surefire/surefirebooter12179985982031659943.jar"/>
    <property name="sun.management.compiler" value="HotSpot 64-Bit Tiered Compilers"/>
    <property name="java.runtime.version" value="21.0.1"/>
    <property name="user.name" value="seans"/>
    <property name="stdout.encoding" value="UTF-8"/>
    <property name="path.separator" value=":"/>
    <property name="os.version" value="14.5"/>
    <property name="java.runtime.name" value="OpenJDK Runtime Environment"/>
    <property name="file.encoding" value="UTF-8"/>
    <property name="java.vm.name" value="OpenJDK 64-Bit Server VM"/>
    <property name="java.vendor.version" value="Homebrew"/>
    <property name="localRepository" value="/Users/seans/.m2/repository"/>
    <property name="java.vendor.url.bug" value="https://github.com/Homebrew/homebrew-core/issues"/>
    <property name="java.io.tmpdir" value="/var/folders/nv/cv0llh696kbgtj2qkjs229cr0000gn/T/"/>
    <property name="java.version" value="21.0.1"/>
    <property name="user.dir" value="/Users/seans/Documents/src/java/vapir/code"/>
    <property name="os.arch" value="aarch64"/>
    <property name="java.vm.specification.name" value="Java Virtual Machine Specification"/>
    <property name="native.encoding" value="UTF-8"/>
    <property name="java.library.path" value="/Users/seans/Library/Java/Extensions:/Library/Java/Extensions:/Network/Library/Java/Extensions:/System/Library/Java/Extensions:/usr/lib/java:."/>
    <property name="java.vm.info" value="mixed mode, sharing"/>
    <property name="stderr.encoding" value="UTF-8"/>
    <property name="java.vendor" value="Homebrew"/>
    <property name="java.vm.version" value="21.0.1"/>
    <property name="sun.io.unicode.encoding" value="UnicodeBig"/>
    <property name="java.class.version" value="65.0"/>
  </properties>
  <testcase name="shouldAnswerWithTrue" classname="com.spectralogic.vail.AppTest" time="0.001"/>
</testsuite>